1739216606.486287 client started (16660): version 3.4, socket /tmp/tmux-1000/default, protocol 8
1739216606.486304 on Linux 6.8.0-52-generic #53-Ubuntu SMP PREEMPT_DYNAMIC Sat Jan 11 00:06:25 UTC 2025
1739216606.486306 using libevent 2.1.12-stable poll
1739216606.486307 using ncurses 6.4 20240113
1739216606.486321 flags are 0x18010000
1739216606.486327 socket is /tmp/tmux-1000/default
1739216606.486334 trying connect
1739216606.486343 connect failed: No such file or directory
1739216606.486347 lock file is /tmp/tmux-1000/default.lock
1739216606.486359 flock succeeded
1739216606.486360 got lock (6)
1739216606.486364 trying connect
1739216606.486368 connect failed: No such file or directory
1739216606.486589 add peer 0x63482b9cce30: 7 ((nil))
1739216606.486904 sending message 100 to peer 0x63482b9cce30 (4 bytes)
1739216606.486923 sending message 111 to peer 0x63482b9cce30 (8 bytes)
1739216606.486925 sending message 101 to peer 0x63482b9cce30 (15 bytes)
1739216606.486926 sending message 109 to peer 0x63482b9cce30 (4 bytes)
1739216606.486928 sending message 102 to peer 0x63482b9cce30 (11 bytes)
1739216606.486930 sending message 108 to peer 0x63482b9cce30 (33 bytes)
1739216606.486931 sending message 112 to peer 0x63482b9cce30 (58 bytes)
1739216606.486933 sending message 112 to peer 0x63482b9cce30 (5 bytes)
1739216606.486934 sending message 112 to peer 0x63482b9cce30 (5 bytes)
1739216606.486936 sending message 112 to peer 0x63482b9cce30 (6 bytes)
1739216606.486937 sending message 112 to peer 0x63482b9cce30 (6 bytes)
1739216606.486939 sending message 112 to peer 0x63482b9cce30 (11 bytes)
1739216606.486940 sending message 112 to peer 0x63482b9cce30 (10 bytes)
1739216606.486942 sending message 112 to peer 0x63482b9cce30 (13 bytes)
1739216606.486943 sending message 112 to peer 0x63482b9cce30 (14 bytes)
1739216606.486945 sending message 112 to peer 0x63482b9cce30 (19 bytes)
1739216606.486946 sending message 112 to peer 0x63482b9cce30 (11 bytes)
1739216606.486948 sending message 112 to peer 0x63482b9cce30 (10 bytes)
1739216606.486949 sending message 112 to peer 0x63482b9cce30 (15 bytes)
1739216606.486951 sending message 112 to peer 0x63482b9cce30 (21 bytes)
1739216606.486952 sending message 112 to peer 0x63482b9cce30 (13 bytes)
1739216606.486953 sending message 112 to peer 0x63482b9cce30 (7 bytes)
1739216606.486955 sending message 112 to peer 0x63482b9cce30 (13 bytes)
1739216606.486956 sending message 112 to peer 0x63482b9cce30 (7 bytes)
1739216606.486958 sending message 112 to peer 0x63482b9cce30 (13 bytes)
1739216606.486959 sending message 112 to peer 0x63482b9cce30 (9 bytes)
1739216606.486961 sending message 112 to peer 0x63482b9cce30 (21 bytes)
1739216606.486962 sending message 112 to peer 0x63482b9cce30 (13 bytes)
1739216606.486964 sending message 112 to peer 0x63482b9cce30 (9 bytes)
1739216606.486965 sending message 112 to peer 0x63482b9cce30 (16 bytes)
1739216606.486967 sending message 112 to peer 0x63482b9cce30 (13 bytes)
1739216606.486968 sending message 112 to peer 0x63482b9cce30 (9 bytes)
1739216606.486970 sending message 112 to peer 0x63482b9cce30 (9 bytes)
1739216606.486971 sending message 112 to peer 0x63482b9cce30 (12 bytes)
1739216606.486973 sending message 112 to peer 0x63482b9cce30 (8 bytes)
1739216606.486974 sending message 112 to peer 0x63482b9cce30 (8 bytes)
1739216606.486976 sending message 112 to peer 0x63482b9cce30 (13 bytes)
1739216606.486977 sending message 112 to peer 0x63482b9cce30 (7 bytes)
1739216606.486979 sending message 112 to peer 0x63482b9cce30 (7 bytes)
1739216606.486980 sending message 112 to peer 0x63482b9cce30 (9 bytes)
1739216606.486982 sending message 112 to peer 0x63482b9cce30 (9 bytes)
1739216606.486983 sending message 112 to peer 0x63482b9cce30 (15 bytes)
1739216606.486984 sending message 112 to peer 0x63482b9cce30 (13 bytes)
1739216606.486986 sending message 112 to peer 0x63482b9cce30 (12 bytes)
1739216606.486987 sending message 112 to peer 0x63482b9cce30 (8 bytes)
1739216606.486989 sending message 112 to peer 0x63482b9cce30 (14 bytes)
1739216606.486991 sending message 112 to peer 0x63482b9cce30 (11 bytes)
1739216606.486996 sending message 112 to peer 0x63482b9cce30 (9 bytes)
1739216606.486998 sending message 112 to peer 0x63482b9cce30 (10 bytes)
1739216606.486999 sending message 112 to peer 0x63482b9cce30 (10 bytes)
1739216606.487001 sending message 112 to peer 0x63482b9cce30 (10 bytes)
1739216606.487002 sending message 112 to peer 0x63482b9cce30 (10 bytes)
1739216606.487004 sending message 112 to peer 0x63482b9cce30 (11 bytes)
1739216606.487005 sending message 112 to peer 0x63482b9cce30 (12 bytes)
1739216606.487006 sending message 112 to peer 0x63482b9cce30 (12 bytes)
1739216606.487008 sending message 112 to peer 0x63482b9cce30 (12 bytes)
1739216606.487009 sending message 112 to peer 0x63482b9cce30 (12 bytes)
1739216606.487011 sending message 112 to peer 0x63482b9cce30 (12 bytes)
1739216606.487012 sending message 112 to peer 0x63482b9cce30 (11 bytes)
1739216606.487014 sending message 112 to peer 0x63482b9cce30 (11 bytes)
1739216606.487015 sending message 112 to peer 0x63482b9cce30 (12 bytes)
1739216606.487017 sending message 112 to peer 0x63482b9cce30 (12 bytes)
1739216606.487018 sending message 112 to peer 0x63482b9cce30 (12 bytes)
1739216606.487020 sending message 112 to peer 0x63482b9cce30 (12 bytes)
1739216606.487021 sending message 112 to peer 0x63482b9cce30 (12 bytes)
1739216606.487023 sending message 112 to peer 0x63482b9cce30 (9 bytes)
1739216606.487024 sending message 112 to peer 0x63482b9cce30 (12 bytes)
1739216606.487026 sending message 112 to peer 0x63482b9cce30 (13 bytes)
1739216606.487027 sending message 112 to peer 0x63482b9cce30 (13 bytes)
1739216606.487029 sending message 112 to peer 0x63482b9cce30 (13 bytes)
1739216606.487030 sending message 112 to peer 0x63482b9cce30 (13 bytes)
1739216606.487032 sending message 112 to peer 0x63482b9cce30 (13 bytes)
1739216606.487033 sending message 112 to peer 0x63482b9cce30 (8 bytes)
1739216606.487034 sending message 112 to peer 0x63482b9cce30 (11 bytes)
1739216606.487036 sending message 112 to peer 0x63482b9cce30 (11 bytes)
1739216606.487037 sending message 112 to peer 0x63482b9cce30 (11 bytes)
1739216606.487039 sending message 112 to peer 0x63482b9cce30 (12 bytes)
1739216606.487040 sending message 112 to peer 0x63482b9cce30 (12 bytes)
1739216606.487042 sending message 112 to peer 0x63482b9cce30 (12 bytes)
1739216606.487043 sending message 112 to peer 0x63482b9cce30 (12 bytes)
1739216606.487045 sending message 112 to peer 0x63482b9cce30 (13 bytes)
1739216606.487046 sending message 112 to peer 0x63482b9cce30 (13 bytes)
1739216606.487048 sending message 112 to peer 0x63482b9cce30 (13 bytes)
1739216606.487049 sending message 112 to peer 0x63482b9cce30 (8 bytes)
1739216606.487051 sending message 112 to peer 0x63482b9cce30 (13 bytes)
1739216606.487052 sending message 112 to peer 0x63482b9cce30 (13 bytes)
1739216606.487054 sending message 112 to peer 0x63482b9cce30 (13 bytes)
1739216606.487055 sending message 112 to peer 0x63482b9cce30 (13 bytes)
1739216606.487057 sending message 112 to peer 0x63482b9cce30 (13 bytes)
1739216606.487058 sending message 112 to peer 0x63482b9cce30 (12 bytes)
1739216606.487059 sending message 112 to peer 0x63482b9cce30 (12 bytes)
1739216606.487061 sending message 112 to peer 0x63482b9cce30 (12 bytes)
1739216606.487062 sending message 112 to peer 0x63482b9cce30 (12 bytes)
1739216606.487064 sending message 112 to peer 0x63482b9cce30 (13 bytes)
1739216606.487065 sending message 112 to peer 0x63482b9cce30 (8 bytes)
1739216606.487067 sending message 112 to peer 0x63482b9cce30 (13 bytes)
1739216606.487068 sending message 112 to peer 0x63482b9cce30 (13 bytes)
1739216606.487070 sending message 112 to peer 0x63482b9cce30 (13 bytes)
1739216606.487071 sending message 112 to peer 0x63482b9cce30 (13 bytes)
1739216606.487073 sending message 112 to peer 0x63482b9cce30 (13 bytes)
1739216606.487074 sending message 112 to peer 0x63482b9cce30 (13 bytes)
1739216606.487076 sending message 112 to peer 0x63482b9cce30 (13 bytes)
1739216606.487077 sending message 112 to peer 0x63482b9cce30 (12 bytes)
1739216606.487079 sending message 112 to peer 0x63482b9cce30 (12 bytes)
1739216606.487082 sending message 112 to peer 0x63482b9cce30 (12 bytes)
1739216606.487083 sending message 112 to peer 0x63482b9cce30 (8 bytes)
1739216606.487085 sending message 112 to peer 0x63482b9cce30 (12 bytes)
1739216606.487086 sending message 112 to peer 0x63482b9cce30 (13 bytes)
1739216606.487088 sending message 112 to peer 0x63482b9cce30 (13 bytes)
1739216606.487089 sending message 112 to peer 0x63482b9cce30 (13 bytes)
1739216606.487091 sending message 112 to peer 0x63482b9cce30 (13 bytes)
1739216606.487092 sending message 112 to peer 0x63482b9cce30 (13 bytes)
1739216606.487094 sending message 112 to peer 0x63482b9cce30 (13 bytes)
1739216606.487095 sending message 112 to peer 0x63482b9cce30 (13 bytes)
1739216606.487097 sending message 112 to peer 0x63482b9cce30 (13 bytes)
1739216606.487098 sending message 112 to peer 0x63482b9cce30 (12 bytes)
1739216606.487099 sending message 112 to peer 0x63482b9cce30 (10 bytes)
1739216606.487101 sending message 112 to peer 0x63482b9cce30 (12 bytes)
1739216606.487102 sending message 112 to peer 0x63482b9cce30 (12 bytes)
1739216606.487104 sending message 112 to peer 0x63482b9cce30 (12 bytes)
1739216606.487105 sending message 112 to peer 0x63482b9cce30 (13 bytes)
1739216606.487107 sending message 112 to peer 0x63482b9cce30 (13 bytes)
1739216606.487108 sending message 112 to peer 0x63482b9cce30 (13 bytes)
1739216606.487110 sending message 112 to peer 0x63482b9cce30 (13 bytes)
1739216606.487111 sending message 112 to peer 0x63482b9cce30 (13 bytes)
1739216606.487113 sending message 112 to peer 0x63482b9cce30 (13 bytes)
1739216606.487114 sending message 112 to peer 0x63482b9cce30 (13 bytes)
1739216606.487116 sending message 112 to peer 0x63482b9cce30 (10 bytes)
1739216606.487117 sending message 112 to peer 0x63482b9cce30 (13 bytes)
1739216606.487119 sending message 112 to peer 0x63482b9cce30 (12 bytes)
1739216606.487120 sending message 112 to peer 0x63482b9cce30 (12 bytes)
1739216606.487122 sending message 112 to peer 0x63482b9cce30 (12 bytes)
1739216606.487123 sending message 112 to peer 0x63482b9cce30 (10 bytes)
1739216606.487124 sending message 112 to peer 0x63482b9cce30 (10 bytes)
1739216606.487126 sending message 112 to peer 0x63482b9cce30 (10 bytes)
1739216606.487127 sending message 112 to peer 0x63482b9cce30 (12 bytes)
1739216606.487129 sending message 112 to peer 0x63482b9cce30 (13 bytes)
1739216606.487130 sending message 112 to peer 0x63482b9cce30 (13 bytes)
1739216606.487132 sending message 112 to peer 0x63482b9cce30 (13 bytes)
1739216606.487133 sending message 112 to peer 0x63482b9cce30 (13 bytes)
1739216606.487135 sending message 112 to peer 0x63482b9cce30 (13 bytes)
1739216606.487136 sending message 112 to peer 0x63482b9cce30 (10 bytes)
1739216606.487138 sending message 112 to peer 0x63482b9cce30 (11 bytes)
1739216606.487139 sending message 112 to peer 0x63482b9cce30 (12 bytes)
1739216606.487141 sending message 112 to peer 0x63482b9cce30 (12 bytes)
1739216606.487142 sending message 112 to peer 0x63482b9cce30 (12 bytes)
1739216606.487143 sending message 112 to peer 0x63482b9cce30 (12 bytes)
1739216606.487145 sending message 112 to peer 0x63482b9cce30 (12 bytes)
1739216606.487146 sending message 112 to peer 0x63482b9cce30 (11 bytes)
1739216606.487148 sending message 112 to peer 0x63482b9cce30 (12 bytes)
1739216606.487149 sending message 112 to peer 0x63482b9cce30 (12 bytes)
1739216606.487151 sending message 112 to peer 0x63482b9cce30 (13 bytes)
1739216606.487152 sending message 112 to peer 0x63482b9cce30 (13 bytes)
1739216606.487154 sending message 112 to peer 0x63482b9cce30 (13 bytes)
1739216606.487155 sending message 112 to peer 0x63482b9cce30 (13 bytes)
1739216606.487157 sending message 112 to peer 0x63482b9cce30 (13 bytes)
1739216606.487158 sending message 112 to peer 0x63482b9cce30 (10 bytes)
1739216606.487160 sending message 112 to peer 0x63482b9cce30 (9 bytes)
1739216606.487161 sending message 112 to peer 0x63482b9cce30 (12 bytes)
1739216606.487163 sending message 112 to peer 0x63482b9cce30 (13 bytes)
1739216606.487164 sending message 112 to peer 0x63482b9cce30 (13 bytes)
1739216606.487167 sending message 112 to peer 0x63482b9cce30 (13 bytes)
1739216606.487168 sending message 112 to peer 0x63482b9cce30 (13 bytes)
1739216606.487170 sending message 112 to peer 0x63482b9cce30 (13 bytes)
1739216606.487171 sending message 112 to peer 0x63482b9cce30 (9 bytes)
1739216606.487173 sending message 112 to peer 0x63482b9cce30 (12 bytes)
1739216606.487174 sending message 112 to peer 0x63482b9cce30 (13 bytes)
1739216606.487176 sending message 112 to peer 0x63482b9cce30 (13 bytes)
1739216606.487177 sending message 112 to peer 0x63482b9cce30 (13 bytes)
1739216606.487179 sending message 112 to peer 0x63482b9cce30 (13 bytes)
1739216606.487180 sending message 112 to peer 0x63482b9cce30 (13 bytes)
1739216606.487182 sending message 112 to peer 0x63482b9cce30 (11 bytes)
1739216606.487183 sending message 112 to peer 0x63482b9cce30 (12 bytes)
1739216606.487185 sending message 112 to peer 0x63482b9cce30 (13 bytes)
1739216606.487186 sending message 112 to peer 0x63482b9cce30 (13 bytes)
1739216606.487188 sending message 112 to peer 0x63482b9cce30 (13 bytes)
1739216606.487189 sending message 112 to peer 0x63482b9cce30 (13 bytes)
1739216606.487191 sending message 112 to peer 0x63482b9cce30 (13 bytes)
1739216606.487192 sending message 112 to peer 0x63482b9cce30 (11 bytes)
1739216606.487194 sending message 112 to peer 0x63482b9cce30 (12 bytes)
1739216606.487195 sending message 112 to peer 0x63482b9cce30 (12 bytes)
1739216606.487197 sending message 112 to peer 0x63482b9cce30 (12 bytes)
1739216606.487198 sending message 112 to peer 0x63482b9cce30 (12 bytes)
1739216606.487199 sending message 112 to peer 0x63482b9cce30 (12 bytes)
1739216606.487201 sending message 112 to peer 0x63482b9cce30 (21 bytes)
1739216606.487203 sending message 112 to peer 0x63482b9cce30 (12 bytes)
1739216606.487204 sending message 112 to peer 0x63482b9cce30 (9 bytes)
1739216606.487206 sending message 112 to peer 0x63482b9cce30 (6 bytes)
1739216606.487207 sending message 112 to peer 0x63482b9cce30 (13 bytes)
1739216606.487209 sending message 112 to peer 0x63482b9cce30 (10 bytes)
1739216606.487210 sending message 112 to peer 0x63482b9cce30 (24 bytes)
1739216606.487212 sending message 112 to peer 0x63482b9cce30 (13 bytes)
1739216606.487213 sending message 112 to peer 0x63482b9cce30 (9 bytes)
1739216606.487215 sending message 112 to peer 0x63482b9cce30 (70 bytes)
1739216606.487216 sending message 112 to peer 0x63482b9cce30 (69 bytes)
1739216606.487218 sending message 112 to peer 0x63482b9cce30 (12 bytes)
1739216606.487219 sending message 112 to peer 0x63482b9cce30 (10 bytes)
1739216606.487221 sending message 112 to peer 0x63482b9cce30 (10 bytes)
1739216606.487222 sending message 112 to peer 0x63482b9cce30 (24 bytes)
1739216606.487224 sending message 112 to peer 0x63482b9cce30 (13 bytes)
1739216606.487225 sending message 112 to peer 0x63482b9cce30 (10 bytes)
1739216606.487227 sending message 112 to peer 0x63482b9cce30 (10 bytes)
1739216606.487228 sending message 112 to peer 0x63482b9cce30 (10 bytes)
1739216606.487230 sending message 112 to peer 0x63482b9cce30 (13 bytes)
1739216606.487231 sending message 112 to peer 0x63482b9cce30 (15 bytes)
1739216606.487233 sending message 112 to peer 0x63482b9cce30 (5 bytes)
1739216606.487235 sending message 104 to peer 0x63482b9cce30 (0 bytes)
1739216606.487237 sending message 110 to peer 0x63482b9cce30 (0 bytes)
1739216606.487239 sending message 107 to peer 0x63482b9cce30 (4 bytes)
1739216606.487241 sending message 105 to peer 0x63482b9cce30 (16 bytes)
1739216606.487242 sending message 105 to peer 0x63482b9cce30 (102 bytes)
1739216606.487244 sending message 105 to peer 0x63482b9cce30 (19 bytes)
1739216606.487245 sending message 105 to peer 0x63482b9cce30 (20 bytes)
1739216606.487247 sending message 105 to peer 0x63482b9cce30 (45 bytes)
1739216606.487248 sending message 105 to peer 0x63482b9cce30 (23 bytes)
1739216606.487250 sending message 105 to peer 0x63482b9cce30 (44 bytes)
1739216606.487252 sending message 105 to peer 0x63482b9cce30 (45 bytes)
1739216606.487253 sending message 105 to peer 0x63482b9cce30 (32 bytes)
1739216606.487256 sending message 105 to peer 0x63482b9cce30 (41 bytes)
1739216606.487258 sending message 105 to peer 0x63482b9cce30 (51 bytes)
1739216606.487259 sending message 105 to peer 0x63482b9cce30 (20 bytes)
1739216606.487261 sending message 105 to peer 0x63482b9cce30 (23 bytes)
1739216606.487262 sending message 105 to peer 0x63482b9cce30 (28 bytes)
1739216606.487264 sending message 105 to peer 0x63482b9cce30 (37 bytes)
1739216606.487265 sending message 105 to peer 0x63482b9cce30 (16 bytes)
1739216606.487267 sending message 105 to peer 0x63482b9cce30 (27 bytes)
1739216606.487268 sending message 105 to peer 0x63482b9cce30 (21 bytes)
1739216606.487270 sending message 105 to peer 0x63482b9cce30 (52 bytes)
1739216606.487271 sending message 105 to peer 0x63482b9cce30 (22 bytes)
1739216606.487273 sending message 105 to peer 0x63482b9cce30 (41 bytes)
1739216606.487274 sending message 105 to peer 0x63482b9cce30 (13 bytes)
1739216606.487276 sending message 105 to peer 0x63482b9cce30 (19 bytes)
1739216606.487277 sending message 105 to peer 0x63482b9cce30 (17 bytes)
1739216606.487279 sending message 105 to peer 0x63482b9cce30 (17 bytes)
1739216606.487280 sending message 105 to peer 0x63482b9cce30 (1817 bytes)
1739216606.487288 sending message 105 to peer 0x63482b9cce30 (33 bytes)
1739216606.487289 sending message 105 to peer 0x63482b9cce30 (155 bytes)
1739216606.487291 sending message 105 to peer 0x63482b9cce30 (17 bytes)
1739216606.487293 sending message 105 to peer 0x63482b9cce30 (86 bytes)
1739216606.487294 sending message 105 to peer 0x63482b9cce30 (34 bytes)
1739216606.487296 sending message 105 to peer 0x63482b9cce30 (23 bytes)
1739216606.487297 sending message 105 to peer 0x63482b9cce30 (20 bytes)
1739216606.487299 sending message 105 to peer 0x63482b9cce30 (32 bytes)
1739216606.487300 sending message 105 to peer 0x63482b9cce30 (13 bytes)
1739216606.487302 sending message 105 to peer 0x63482b9cce30 (30 bytes)
1739216606.487303 sending message 105 to peer 0x63482b9cce30 (11 bytes)
1739216606.487305 sending message 105 to peer 0x63482b9cce30 (8 bytes)
1739216606.487306 sending message 105 to peer 0x63482b9cce30 (35 bytes)
1739216606.487308 sending message 105 to peer 0x63482b9cce30 (18 bytes)
1739216606.487309 sending message 105 to peer 0x63482b9cce30 (31 bytes)
1739216606.487311 sending message 105 to peer 0x63482b9cce30 (47 bytes)
1739216606.487312 sending message 105 to peer 0x63482b9cce30 (102 bytes)
1739216606.487314 sending message 105 to peer 0x63482b9cce30 (139 bytes)
1739216606.487315 sending message 105 to peer 0x63482b9cce30 (18 bytes)
1739216606.487317 sending message 105 to peer 0x63482b9cce30 (54 bytes)
1739216606.487318 sending message 105 to peer 0x63482b9cce30 (16 bytes)
1739216606.487320 sending message 106 to peer 0x63482b9cce30 (0 bytes)
1739216606.487346 sending message 200 to peer 0x63482b9cce30 (4 bytes)
1739216606.487348 client loop enter
1739216606.487356 client_signal: Child exited
1739216606.523602 peer 0x63482b9cce30 message 207
1739216606.523609 sending message 208 to peer 0x63482b9cce30 (0 bytes)
1739216615.356503 peer 0x63482b9cce30 message 203
1739216615.356550 sending message 205 to peer 0x63482b9cce30 (0 bytes)
1739216615.358158 peer 0x63482b9cce30 message 204
1739216615.358196 client loop exit
